0    [main] INFO  eclipse.emf.mwe.core.WorkflowEngine  - --------------------------------------------------------------------------------------
0    [main] INFO  eclipse.emf.mwe.core.WorkflowEngine  - EMF Modeling Workflow Engine 1.2.1, Build v201306110341
0    [main] INFO  eclipse.emf.mwe.core.WorkflowEngine  - (c) 2005-2009 openarchitectureware.org and contributors
0    [main] INFO  eclipse.emf.mwe.core.WorkflowEngine  - --------------------------------------------------------------------------------------
0    [main] INFO  eclipse.emf.mwe.core.WorkflowEngine  - running workflow: C:/OOH4RIA/workspace/Whatever/templates/workflow/generator.mwe
0    [main] INFO  eclipse.emf.mwe.core.WorkflowEngine  - 
299  [main] INFO  lipse.emf.mwe.utils.StandaloneSetup  - Registering platform uri 'C:\OOH4RIA\workspace'
613  [main] INFO  lipse.emf.mwe.utils.StandaloneSetup  - Adding generated EPackage 'es.ua.dlsi.ooh.conceptualView.ConceptualViewPackage'
659  [main] INFO  lipse.emf.mwe.utils.StandaloneSetup  - Adding generated EPackage 'org.eclipse.gmf.runtime.notation.NotationPackage'
760  [main] INFO  e.core.container.CompositeComponent  - Workflow: executing workflow workflow::nhibernate::generator.mwe in C:/OOH4RIA/workspace/Whatever/templates/workflow/generator.mwe:10
760  [main] INFO  e.core.container.CompositeComponent  - XmiReader: file 'models/whatever.domainModel' => slot 'es_ua_dlsi_ooh_conceptual_model'
950  [main] INFO  e.core.container.CompositeComponent  - CheckComponent: slot es_ua_dlsi_ooh_conceptual_model check file(s): metamodel::Checks 
1264 [main] INFO  e.core.container.CompositeComponent  - Generator(nhibernate.generator): generating 'workflow::nhibernate::workflow::main FOR true' => [../WhateverGen, CONFIGURATION:../WhateverGen(overwrite=false,append=false,fileEncoding=utf-8)]
configuroConf:C:\Users\OIDEWin7\AppData\Local\Temp\OOH4RIA8817353052866369763.cfg
enc:utf-8
1500 [main] INFO  and2.pr.ProtectedRegionResolverImpl  - Source scan started ...
2699 [main] INFO  and2.pr.ProtectedRegionResolverImpl  - Source scan finished in 1.199s
2699 [main] INFO  and2.pr.ProtectedRegionResolverImpl  - Files scanned: 554
2699 [main] INFO  and2.pr.ProtectedRegionResolverImpl  - Regions found: 191
enc:utf-8
enc:utf-8
enc:utf-8
enc:utf-8
enc:utf-8
enc:utf-8
2924 [main] INFO  ipse.xtend.util.stdlib.IOExtensions  - UsuarioCAD
enc:utf-8
2980 [main] INFO  ipse.xtend.util.stdlib.IOExtensions  - RetoCAD
LA clase origen: Reto y el nombre de rol: usuario
DISTINTO en: asoOrigin: comentario_comentario_0. El nombre del rol origen: comentario de el rol destino: usuario
DISTINTO en: asoOrigin: reporte_reto. El nombre del rol origen: reporte de el rol destino: usuario
LA clase destino: Reto y el nombre de rol: usuario
Encontrado en: asoTarget: reto_reto_0 El nombre de rol origen (generado): reto y el nombre del rol destino:usuario
LA clase origen: Reto y el nombre de rol: usuario
DISTINTO en: asoOrigin: comentario_comentario_0. El nombre del rol origen: comentario de el rol destino: usuario
DISTINTO en: asoOrigin: reporte_reto. El nombre del rol origen: reporte de el rol destino: usuario
LA clase destino: Reto y el nombre de rol: usuario
Encontrado en: asoTarget: reto_reto_0 El nombre de rol origen (generado): reto y el nombre del rol destino:usuario
LA clase origen: Reto y el nombre de rol: usuario
DISTINTO en: asoOrigin: comentario_comentario_0. El nombre del rol origen: comentario de el rol destino: usuario
DISTINTO en: asoOrigin: reporte_reto. El nombre del rol origen: reporte de el rol destino: usuario
LA clase destino: Reto y el nombre de rol: usuario
Encontrado en: asoTarget: reto_reto_0 El nombre de rol origen (generado): reto y el nombre del rol destino:usuario
enc:utf-8
3014 [main] INFO  ipse.xtend.util.stdlib.IOExtensions  - GymkanaCAD
LA clase origen: Gymkana y el nombre de rol: usuario
DISTINTO en: asoOrigin: gymkana_gymkana_0. El nombre del rol origen: paso de el rol destino: usuario
LA clase destino: Gymkana y el nombre de rol: usuario
DISTINTO en: asoTarget: gymkana_gymkana_0_2. El nombre del rol destino: reporte de el rol origen: usuario
DISTINTO en: asoTarget: gymkana_comentario_0. El nombre del rol destino: comentario de el rol origen: usuario
DISTINTO en: asoTarget: gymkana_puntuacion_0. El nombre del rol destino: puntuacion de el rol origen: usuario
Encontrado en: asoTarget: gymkana_usuario El nombre de rol origen (generado): gymkana y el nombre del rol destino:usuario
LA clase origen: Gymkana y el nombre de rol: usuario
DISTINTO en: asoOrigin: gymkana_gymkana_0. El nombre del rol origen: paso de el rol destino: usuario
LA clase destino: Gymkana y el nombre de rol: usuario
DISTINTO en: asoTarget: gymkana_gymkana_0_2. El nombre del rol destino: reporte de el rol origen: usuario
DISTINTO en: asoTarget: gymkana_comentario_0. El nombre del rol destino: comentario de el rol origen: usuario
DISTINTO en: asoTarget: gymkana_puntuacion_0. El nombre del rol destino: puntuacion de el rol origen: usuario
Encontrado en: asoTarget: gymkana_usuario El nombre de rol origen (generado): gymkana y el nombre del rol destino:usuario
LA clase origen: Gymkana y el nombre de rol: usuario
DISTINTO en: asoOrigin: gymkana_gymkana_0. El nombre del rol origen: paso de el rol destino: usuario
LA clase destino: Gymkana y el nombre de rol: usuario
DISTINTO en: asoTarget: gymkana_gymkana_0_2. El nombre del rol destino: reporte de el rol origen: usuario
DISTINTO en: asoTarget: gymkana_comentario_0. El nombre del rol destino: comentario de el rol origen: usuario
DISTINTO en: asoTarget: gymkana_puntuacion_0. El nombre del rol destino: puntuacion de el rol origen: usuario
Encontrado en: asoTarget: gymkana_usuario El nombre de rol origen (generado): gymkana y el nombre del rol destino:usuario
enc:utf-8
3059 [main] INFO  ipse.xtend.util.stdlib.IOExtensions  - ComentarioCAD
LA clase origen: Comentario y el nombre de rol: usuario
DISTINTO en: asoOrigin: evento_comentario. El nombre del rol origen: evento de el rol destino: usuario
DISTINTO en: asoOrigin: gymkana_comentario_0. El nombre del rol origen: gymkana de el rol destino: usuario
LA clase destino: Comentario y el nombre de rol: usuario
Encontrado en: asoTarget: comentario_usuario El nombre de rol origen (generado): comentario y el nombre del rol destino:usuario
LA clase origen: Comentario y el nombre de rol: usuario
DISTINTO en: asoOrigin: evento_comentario. El nombre del rol origen: evento de el rol destino: usuario
DISTINTO en: asoOrigin: gymkana_comentario_0. El nombre del rol origen: gymkana de el rol destino: usuario
LA clase destino: Comentario y el nombre de rol: usuario
Encontrado en: asoTarget: comentario_usuario El nombre de rol origen (generado): comentario y el nombre del rol destino:usuario
LA clase origen: Comentario y el nombre de rol: usuario
DISTINTO en: asoOrigin: evento_comentario. El nombre del rol origen: evento de el rol destino: usuario
DISTINTO en: asoOrigin: gymkana_comentario_0. El nombre del rol origen: gymkana de el rol destino: usuario
LA clase destino: Comentario y el nombre de rol: usuario
Encontrado en: asoTarget: comentario_usuario El nombre de rol origen (generado): comentario y el nombre del rol destino:usuario
enc:utf-8
3115 [main] INFO  ipse.xtend.util.stdlib.IOExtensions  - AdminCAD
enc:utf-8
3159 [main] INFO  ipse.xtend.util.stdlib.IOExtensions  - ReporteCAD
LA clase origen: Reporte y el nombre de rol: usuario
DISTINTO en: asoOrigin: reporte_evento. El nombre del rol origen: evento de el rol destino: usuario
DISTINTO en: asoOrigin: gymkana_gymkana_0_2. El nombre del rol origen: gymkana de el rol destino: usuario
LA clase destino: Reporte y el nombre de rol: usuario
Encontrado en: asoTarget: reporte_reporte_0 El nombre de rol origen (generado): reporte y el nombre del rol destino:usuario
LA clase origen: Reporte y el nombre de rol: usuario
DISTINTO en: asoOrigin: reporte_evento. El nombre del rol origen: evento de el rol destino: usuario
DISTINTO en: asoOrigin: gymkana_gymkana_0_2. El nombre del rol origen: gymkana de el rol destino: usuario
LA clase destino: Reporte y el nombre de rol: usuario
Encontrado en: asoTarget: reporte_reporte_0 El nombre de rol origen (generado): reporte y el nombre del rol destino:usuario
LA clase origen: Reporte y el nombre de rol: usuario
DISTINTO en: asoOrigin: reporte_evento. El nombre del rol origen: evento de el rol destino: usuario
DISTINTO en: asoOrigin: gymkana_gymkana_0_2. El nombre del rol origen: gymkana de el rol destino: usuario
LA clase destino: Reporte y el nombre de rol: usuario
Encontrado en: asoTarget: reporte_reporte_0 El nombre de rol origen (generado): reporte y el nombre del rol destino:usuario
enc:utf-8
3227 [main] INFO  ipse.xtend.util.stdlib.IOExtensions  - EventoCAD
LA clase origen: Evento y el nombre de rol: usuario
DISTINTO en: asoOrigin: puntuacion_evento. El nombre del rol origen: puntuacion de el rol destino: usuario
LA clase destino: Evento y el nombre de rol: usuario
Encontrado en: asoTarget: evento_usuario El nombre de rol origen (generado): evento y el nombre del rol destino:usuario
LA clase origen: Evento y el nombre de rol: usuario
DISTINTO en: asoOrigin: puntuacion_evento. El nombre del rol origen: puntuacion de el rol destino: usuario
LA clase destino: Evento y el nombre de rol: usuario
Encontrado en: asoTarget: evento_usuario El nombre de rol origen (generado): evento y el nombre del rol destino:usuario
LA clase origen: Evento y el nombre de rol: usuario
DISTINTO en: asoOrigin: puntuacion_evento. El nombre del rol origen: puntuacion de el rol destino: usuario
LA clase destino: Evento y el nombre de rol: usuario
Encontrado en: asoTarget: evento_usuario El nombre de rol origen (generado): evento y el nombre del rol destino:usuario
enc:utf-8
3272 [main] INFO  ipse.xtend.util.stdlib.IOExtensions  - PasoCAD
LA clase origen: Paso y el nombre de rol: gymkana
DISTINTO en: asoOrigin: paso_paso_0. El nombre del rol origen: mapa de el rol destino: gymkana
LA clase destino: Paso y el nombre de rol: gymkana
Encontrado en: asoTarget: gymkana_gymkana_0 El nombre de rol origen (generado): paso y el nombre del rol destino:gymkana
LA clase origen: Paso y el nombre de rol: gymkana
DISTINTO en: asoOrigin: paso_paso_0. El nombre del rol origen: mapa de el rol destino: gymkana
LA clase destino: Paso y el nombre de rol: gymkana
Encontrado en: asoTarget: gymkana_gymkana_0 El nombre de rol origen (generado): paso y el nombre del rol destino:gymkana
LA clase origen: Paso y el nombre de rol: gymkana
DISTINTO en: asoOrigin: paso_paso_0. El nombre del rol origen: mapa de el rol destino: gymkana
LA clase destino: Paso y el nombre de rol: gymkana
Encontrado en: asoTarget: gymkana_gymkana_0 El nombre de rol origen (generado): paso y el nombre del rol destino:gymkana
enc:utf-8
3305 [main] INFO  ipse.xtend.util.stdlib.IOExtensions  - PuntuacionCAD
LA clase origen: Puntuacion y el nombre de rol: usuario
DISTINTO en: asoOrigin: reto_puntuacion. El nombre del rol origen: reto de el rol destino: usuario
DISTINTO en: asoOrigin: gymkana_puntuacion_0. El nombre del rol origen: gymkana de el rol destino: usuario
LA clase destino: Puntuacion y el nombre de rol: usuario
Encontrado en: asoTarget: usuario_1_usuario_2 El nombre de rol origen (generado): puntuacion y el nombre del rol destino:usuario
LA clase origen: Puntuacion y el nombre de rol: usuario
DISTINTO en: asoOrigin: reto_puntuacion. El nombre del rol origen: reto de el rol destino: usuario
DISTINTO en: asoOrigin: gymkana_puntuacion_0. El nombre del rol origen: gymkana de el rol destino: usuario
LA clase destino: Puntuacion y el nombre de rol: usuario
Encontrado en: asoTarget: usuario_1_usuario_2 El nombre de rol origen (generado): puntuacion y el nombre del rol destino:usuario
LA clase origen: Puntuacion y el nombre de rol: usuario
DISTINTO en: asoOrigin: reto_puntuacion. El nombre del rol origen: reto de el rol destino: usuario
DISTINTO en: asoOrigin: gymkana_puntuacion_0. El nombre del rol origen: gymkana de el rol destino: usuario
LA clase destino: Puntuacion y el nombre de rol: usuario
Encontrado en: asoTarget: usuario_1_usuario_2 El nombre de rol origen (generado): puntuacion y el nombre del rol destino:usuario
enc:utf-8
3372 [main] INFO  ipse.xtend.util.stdlib.IOExtensions  - MapaCAD
enc:utf-8
enc:utf-8
enc:utf-8
enc:utf-8
enc:utf-8
enc:utf-8
enc:utf-8
enc:utf-8
enc:utf-8
enc:utf-8
enc:utf-8
enc:utf-8
3675 [main] INFO  ipse.xtend.util.stdlib.IOExtensions  - UsuarioCEN
enc:utf-8
3709 [main] INFO  ipse.xtend.util.stdlib.IOExtensions  - RetoCEN
enc:utf-8
3744 [main] INFO  ipse.xtend.util.stdlib.IOExtensions  - GymkanaCEN
enc:utf-8
3766 [main] INFO  ipse.xtend.util.stdlib.IOExtensions  - ComentarioCEN
enc:utf-8
3811 [main] INFO  ipse.xtend.util.stdlib.IOExtensions  - AdminCEN
enc:utf-8
3845 [main] INFO  ipse.xtend.util.stdlib.IOExtensions  - ReporteCEN
enc:utf-8
3878 [main] INFO  ipse.xtend.util.stdlib.IOExtensions  - EventoCEN
enc:utf-8
3901 [main] INFO  ipse.xtend.util.stdlib.IOExtensions  - PasoCEN
enc:utf-8
3923 [main] INFO  ipse.xtend.util.stdlib.IOExtensions  - PuntuacionCEN
enc:utf-8
4002 [main] INFO  ipse.xtend.util.stdlib.IOExtensions  - MapaCEN
enc:utf-8
enc:utf-8
enc:utf-8
enc:utf-8
enc:utf-8
enc:utf-8
enc:utf-8
enc:utf-8
enc:utf-8
enc:utf-8
enc:utf-8
enc:utf-8
enc:utf-8
enc:utf-8
enc:utf-8
enc:utf-8
enc:utf-8
enc:utf-8
enc:utf-8
enc:utf-8
enc:utf-8
enc:utf-8
enc:utf-8
enc:utf-8
4652 [main] INFO  ipse.xtend.util.stdlib.IOExtensions  - es.ua.dlsi.ooh.conceptualView.impl.OperationImpl@1d904ec (name: cambiarFoto, visibility: Public, operationType: Custom, description: null, type: Boolean, collectionType: None, isStatic: false, isOrdered: false, filter: null, precondition: null, body: null, postcondition: null, automaticSynchronize: true, customized: false, paging: false, customizedTransaction: false)
4652 [main] INFO  ipse.xtend.util.stdlib.IOExtensions  - es.ua.dlsi.ooh.conceptualView.impl.OperationImpl@10f1802 (name: cambiarContrasena, visibility: Public, operationType: Custom, description: null, type: Boolean, collectionType: None, isStatic: false, isOrdered: false, filter: null, precondition: null, body: null, postcondition: null, automaticSynchronize: true, customized: false, paging: false, customizedTransaction: false)
4652 [main] INFO  ipse.xtend.util.stdlib.IOExtensions  - es.ua.dlsi.ooh.conceptualView.impl.OperationImpl@92efc3 (name: cambiarCorreo, visibility: Public, operationType: Custom, description: null, type: Boolean, collectionType: None, isStatic: false, isOrdered: false, filter: null, precondition: null, body: null, postcondition: null, automaticSynchronize: true, customized: false, paging: false, customizedTransaction: false)
4652 [main] INFO  ipse.xtend.util.stdlib.IOExtensions  - es.ua.dlsi.ooh.conceptualView.impl.OperationImpl@4b8173 (name: consultarUsuario, visibility: Public, operationType: Custom, description: null, type: Object, collectionType: None, isStatic: false, isOrdered: false, filter: null, precondition: null, body: null, postcondition: null, automaticSynchronize: true, customized: false, paging: false, customizedTransaction: false)
4652 [main] INFO  ipse.xtend.util.stdlib.IOExtensions  - es.ua.dlsi.ooh.conceptualView.impl.OperationImpl@1d03f44 (name: new, visibility: Public, operationType: New, description: null, type: Object, collectionType: None, isStatic: false, isOrdered: false, filter: null, precondition: null, body: null, postcondition: null, automaticSynchronize: true, customized: false, paging: false, customizedTransaction: false)
4652 [main] INFO  ipse.xtend.util.stdlib.IOExtensions  - es.ua.dlsi.ooh.conceptualView.impl.OperationImpl@1a20f67 (name: modify, visibility: Public, operationType: Modifier, description: null, type: Void, collectionType: None, isStatic: false, isOrdered: false, filter: null, precondition: null, body: null, postcondition: null, automaticSynchronize: true, customized: false, paging: false, customizedTransaction: false)
4652 [main] INFO  ipse.xtend.util.stdlib.IOExtensions  - es.ua.dlsi.ooh.conceptualView.impl.OperationImpl@1353778 (name: destroy, visibility: Public, operationType: Destroy, description: null, type: Void, collectionType: None, isStatic: false, isOrdered: false, filter: null, precondition: null, body: null, postcondition: null, automaticSynchronize: true, customized: false, paging: false, customizedTransaction: false)
4652 [main] INFO  ipse.xtend.util.stdlib.IOExtensions  - es.ua.dlsi.ooh.conceptualView.impl.OperationImpl@ae9b55 (name: getAll, visibility: Public, operationType: ReadAll, description: null, type: Object, collectionType: List, isStatic: false, isOrdered: false, filter: null, precondition: null, body: null, postcondition: null, automaticSynchronize: true, customized: false, paging: false, customizedTransaction: false)
4652 [main] INFO  ipse.xtend.util.stdlib.IOExtensions  - es.ua.dlsi.ooh.conceptualView.impl.OperationImpl@1de60b4 (name: getID, visibility: Public, operationType: ReadOID, description: null, type: Object, collectionType: None, isStatic: false, isOrdered: false, filter: null, precondition: null, body: null, postcondition: null, automaticSynchronize: true, customized: false, paging: false, customizedTransaction: false)
4652 [main] INFO  ipse.xtend.util.stdlib.IOExtensions  - es.ua.dlsi.ooh.conceptualView.impl.OperationImpl@ee2816 (name: recuperarContasena, visibility: Public, operationType: Custom, description: null, type: Integer, collectionType: None, isStatic: false, isOrdered: false, filter: null, precondition: null, body: null, postcondition: null, automaticSynchronize: true, customized: false, paging: false, customizedTransaction: false)
4652 [main] INFO  ipse.xtend.util.stdlib.IOExtensions  - es.ua.dlsi.ooh.conceptualView.impl.OperationImpl@30a9b0 (name: filtrarNombreCorreo, visibility: Public, operationType: ReadFilter, description: null, type: Object, collectionType: List, isStatic: false, isOrdered: false, filter: FROM UsuarioEN usu WHERE usu.Nombre=:nombre and usu.Email=:correo, precondition: null, body: null, postcondition: null, automaticSynchronize: false, customized: false, paging: false, customizedTransaction: false)
4652 [main] INFO  ipse.xtend.util.stdlib.IOExtensions  - es.ua.dlsi.ooh.conceptualView.impl.OperationImpl@1197a46 (name: Login, visibility: Public, operationType: Custom, description: null, type: Boolean, collectionType: None, isStatic: false, isOrdered: false, filter: null, precondition: null, body: null, postcondition: null, automaticSynchronize: true, customized: false, paging: false, customizedTransaction: false)
4652 [main] INFO  ipse.xtend.util.stdlib.IOExtensions  - es.ua.dlsi.ooh.conceptualView.impl.OperationImpl@17d444 (name: hacerAdmin, visibility: Public, operationType: CustomTransaction, description: null, type: Void, collectionType: None, isStatic: false, isOrdered: false, filter: null, precondition: null, body: null, postcondition: null, automaticSynchronize: true, customized: false, paging: false, customizedTransaction: false)
enc:utf-8
4685 [main] INFO  ipse.xtend.util.stdlib.IOExtensions  - es.ua.dlsi.ooh.conceptualView.impl.OperationImpl@b472aa (name: Registro, visibility: Public, operationType: Custom, description: null, type: Boolean, collectionType: None, isStatic: false, isOrdered: false, filter: null, precondition: null, body: null, postcondition: null, automaticSynchronize: true, customized: false, paging: false, customizedTransaction: false)
4685 [main] INFO  ipse.xtend.util.stdlib.IOExtensions  - es.ua.dlsi.ooh.conceptualView.impl.OperationImpl@125dc0f (name: ModificarRedesSociales, visibility: Public, operationType: Custom, description: null, type: Void, collectionType: None, isStatic: false, isOrdered: false, filter: null, precondition: null, body: null, postcondition: null, automaticSynchronize: true, customized: false, paging: false, customizedTransaction: false)
4685 [main] INFO  ipse.xtend.util.stdlib.IOExtensions  - es.ua.dlsi.ooh.conceptualView.impl.OperationImpl@1e36e46 (name: BorrarUsuario, visibility: Public, operationType: CustomTransaction, description: null, type: Void, collectionType: None, isStatic: false, isOrdered: false, filter: null, precondition: null, body: null, postcondition: null, automaticSynchronize: true, customized: false, paging: false, customizedTransaction: false)
enc:utf-8
4719 [main] INFO  ipse.xtend.util.stdlib.IOExtensions  - es.ua.dlsi.ooh.conceptualView.impl.OperationImpl@174bf60 (name: filtrarUsuarioPorNombre, visibility: Public, operationType: ReadFilter, description: null, type: Object, collectionType: None, isStatic: false, isOrdered: false, filter: FROM UsuarioEN usu WHERE usu.Nombre=:nombre, precondition: null, body: null, postcondition: null, automaticSynchronize: false, customized: false, paging: false, customizedTransaction: false)
enc:utf-8
4765 [main] INFO  ipse.xtend.util.stdlib.IOExtensions  - es.ua.dlsi.ooh.conceptualView.impl.OperationImpl@8715b5 (name: verReto, visibility: Public, operationType: Custom, description: null, type: Object, collectionType: None, isStatic: false, isOrdered: false, filter: null, precondition: null, body: null, postcondition: null, automaticSynchronize: true, customized: false, paging: false, customizedTransaction: false)
4765 [main] INFO  ipse.xtend.util.stdlib.IOExtensions  - es.ua.dlsi.ooh.conceptualView.impl.OperationImpl@192cfe (name: new, visibility: Public, operationType: New, description: null, type: Object, collectionType: None, isStatic: false, isOrdered: false, filter: null, precondition: null, body: null, postcondition: null, automaticSynchronize: true, customized: false, paging: false, customizedTransaction: false)
4765 [main] INFO  ipse.xtend.util.stdlib.IOExtensions  - es.ua.dlsi.ooh.conceptualView.impl.OperationImpl@ce78ec (name: modify, visibility: Public, operationType: Modifier, description: null, type: Void, collectionType: None, isStatic: false, isOrdered: false, filter: null, precondition: null, body: null, postcondition: null, automaticSynchronize: true, customized: false, paging: false, customizedTransaction: false)
4765 [main] INFO  ipse.xtend.util.stdlib.IOExtensions  - es.ua.dlsi.ooh.conceptualView.impl.OperationImpl@57ecf (name: destroy, visibility: Public, operationType: Destroy, description: null, type: Void, collectionType: None, isStatic: false, isOrdered: false, filter: null, precondition: null, body: null, postcondition: null, automaticSynchronize: true, customized: false, paging: false, customizedTransaction: false)
4765 [main] INFO  ipse.xtend.util.stdlib.IOExtensions  - es.ua.dlsi.ooh.conceptualView.impl.OperationImpl@173b51b (name: getAll, visibility: Public, operationType: ReadAll, description: null, type: Object, collectionType: List, isStatic: false, isOrdered: false, filter: null, precondition: null, body: null, postcondition: null, automaticSynchronize: true, customized: false, paging: false, customizedTransaction: false)
4765 [main] INFO  ipse.xtend.util.stdlib.IOExtensions  - es.ua.dlsi.ooh.conceptualView.impl.OperationImpl@b3a8c8 (name: getID, visibility: Public, operationType: ReadOID, description: null, type: Object, collectionType: None, isStatic: false, isOrdered: false, filter: null, precondition: null, body: null, postcondition: null, automaticSynchronize: true, customized: false, paging: false, customizedTransaction: false)
4765 [main] INFO  ipse.xtend.util.stdlib.IOExtensions  - es.ua.dlsi.ooh.conceptualView.impl.OperationImpl@13291e3 (name: crearReto, visibility: Public, operationType: Custom, description: null, type: Void, collectionType: None, isStatic: false, isOrdered: false, filter: null, precondition: null, body: null, postcondition: null, automaticSynchronize: true, customized: false, paging: false, customizedTransaction: false)
4765 [main] INFO  ipse.xtend.util.stdlib.IOExtensions  - es.ua.dlsi.ooh.conceptualView.impl.OperationImpl@ef3420 (name: modificarReto, visibility: Public, operationType: Custom, description: null, type: Void, collectionType: None, isStatic: false, isOrdered: false, filter: null, precondition: null, body: null, postcondition: null, automaticSynchronize: true, customized: false, paging: false, customizedTransaction: false)
4765 [main] INFO  ipse.xtend.util.stdlib.IOExtensions  - es.ua.dlsi.ooh.conceptualView.impl.OperationImpl@171cd7 (name: borrarReto, visibility: Public, operationType: CustomTransaction, description: null, type: Void, collectionType: None, isStatic: false, isOrdered: false, filter: null, precondition: null, body: null, postcondition: null, automaticSynchronize: true, customized: false, paging: false, customizedTransaction: false)
enc:utf-8
4809 [main] INFO  ipse.xtend.util.stdlib.IOExtensions  - es.ua.dlsi.ooh.conceptualView.impl.OperationImpl@15cd85e (name: filtrarRetoPorUsuario, visibility: Public, operationType: ReadFilter, description: null, type: Object, collectionType: List, isStatic: false, isOrdered: false, filter: FROM RetoEN as ret WHERE ret.Usuario.ID=:id_usu, precondition: null, body: null, postcondition: null, automaticSynchronize: false, customized: false, paging: false, customizedTransaction: false)
enc:utf-8
4854 [main] INFO  ipse.xtend.util.stdlib.IOExtensions  - es.ua.dlsi.ooh.conceptualView.impl.OperationImpl@150f9e (name: anadirPaso, visibility: Public, operationType: CustomTransaction, description: null, type: Void, collectionType: None, isStatic: false, isOrdered: false, filter: null, precondition: null, body: null, postcondition: null, automaticSynchronize: true, customized: false, paging: false, customizedTransaction: false)
enc:utf-8
4910 [main] INFO  ipse.xtend.util.stdlib.IOExtensions  - es.ua.dlsi.ooh.conceptualView.impl.OperationImpl@1dcaa40 (name: verPasos, visibility: Public, operationType: Custom, description: null, type: Object, collectionType: List, isStatic: false, isOrdered: false, filter: null, precondition: null, body: null, postcondition: null, automaticSynchronize: true, customized: false, paging: false, customizedTransaction: false)
4910 [main] INFO  ipse.xtend.util.stdlib.IOExtensions  - es.ua.dlsi.ooh.conceptualView.impl.OperationImpl@826e7 (name: getAll, visibility: Public, operationType: ReadAll, description: null, type: Object, collectionType: List, isStatic: false, isOrdered: false, filter: null, precondition: null, body: null, postcondition: null, automaticSynchronize: true, customized: false, paging: false, customizedTransaction: false)
4910 [main] INFO  ipse.xtend.util.stdlib.IOExtensions  - es.ua.dlsi.ooh.conceptualView.impl.OperationImpl@eff876 (name: getID, visibility: Public, operationType: ReadOID, description: null, type: Object, collectionType: None, isStatic: false, isOrdered: false, filter: null, precondition: null, body: null, postcondition: null, automaticSynchronize: true, customized: false, paging: false, customizedTransaction: false)
4910 [main] INFO  ipse.xtend.util.stdlib.IOExtensions  - es.ua.dlsi.ooh.conceptualView.impl.OperationImpl@20b53a (name: crearGymkana, visibility: Public, operationType: CustomTransaction, description: null, type: Void, collectionType: None, isStatic: false, isOrdered: false, filter: null, precondition: null, body: null, postcondition: null, automaticSynchronize: true, customized: false, paging: false, customizedTransaction: false)
enc:utf-8
4944 [main] INFO  ipse.xtend.util.stdlib.IOExtensions  - es.ua.dlsi.ooh.conceptualView.impl.OperationImpl@e52303 (name: modificarGymkana, visibility: Public, operationType: CustomTransaction, description: null, type: Void, collectionType: None, isStatic: false, isOrdered: false, filter: null, precondition: null, body: null, postcondition: null, automaticSynchronize: true, customized: false, paging: false, customizedTransaction: false)
enc:utf-8
4966 [main] INFO  ipse.xtend.util.stdlib.IOExtensions  - es.ua.dlsi.ooh.conceptualView.impl.OperationImpl@729a55 (name: borrarGymkana, visibility: Public, operationType: CustomTransaction, description: null, type: Void, collectionType: None, isStatic: false, isOrdered: false, filter: null, precondition: null, body: null, postcondition: null, automaticSynchronize: true, customized: false, paging: false, customizedTransaction: false)
enc:utf-8
4989 [main] INFO  ipse.xtend.util.stdlib.IOExtensions  - es.ua.dlsi.ooh.conceptualView.impl.OperationImpl@1972b0 (name: filtrarGymkanaPorUsuario, visibility: Public, operationType: ReadFilter, description: null, type: Object, collectionType: List, isStatic: false, isOrdered: false, filter: FROM GymkanaEN as gym WHERE gym.Usuario.ID=:id_usu, precondition: null, body: null, postcondition: null, automaticSynchronize: false, customized: false, paging: false, customizedTransaction: false)
4989 [main] INFO  ipse.xtend.util.stdlib.IOExtensions  - es.ua.dlsi.ooh.conceptualView.impl.OperationImpl@3b36e0 (name: new, visibility: Public, operationType: New, description: null, type: Object, collectionType: None, isStatic: false, isOrdered: false, filter: null, precondition: null, body: null, postcondition: null, automaticSynchronize: true, customized: false, paging: false, customizedTransaction: false)
4989 [main] INFO  ipse.xtend.util.stdlib.IOExtensions  - es.ua.dlsi.ooh.conceptualView.impl.OperationImpl@118837a (name: modify, visibility: Public, operationType: Modifier, description: null, type: Void, collectionType: None, isStatic: false, isOrdered: false, filter: null, precondition: null, body: null, postcondition: null, automaticSynchronize: true, customized: false, paging: false, customizedTransaction: false)
4989 [main] INFO  ipse.xtend.util.stdlib.IOExtensions  - es.ua.dlsi.ooh.conceptualView.impl.OperationImpl@58a80e (name: destroy, visibility: Public, operationType: Destroy, description: null, type: Void, collectionType: None, isStatic: false, isOrdered: false, filter: null, precondition: null, body: null, postcondition: null, automaticSynchronize: true, customized: false, paging: false, customizedTransaction: false)
enc:utf-8
5011 [main] INFO  ipse.xtend.util.stdlib.IOExtensions  - es.ua.dlsi.ooh.conceptualView.impl.OperationImpl@76a9af (name: new, visibility: Public, operationType: New, description: null, type: Object, collectionType: None, isStatic: false, isOrdered: false, filter: null, precondition: null, body: null, postcondition: null, automaticSynchronize: true, customized: false, paging: false, customizedTransaction: false)
5011 [main] INFO  ipse.xtend.util.stdlib.IOExtensions  - es.ua.dlsi.ooh.conceptualView.impl.OperationImpl@181ce95 (name: destroy, visibility: Public, operationType: Destroy, description: null, type: Void, collectionType: None, isStatic: false, isOrdered: false, filter: null, precondition: null, body: null, postcondition: null, automaticSynchronize: true, customized: false, paging: false, customizedTransaction: false)
5011 [main] INFO  ipse.xtend.util.stdlib.IOExtensions  - es.ua.dlsi.ooh.conceptualView.impl.OperationImpl@1763516 (name: getAll, visibility: Public, operationType: ReadAll, description: null, type: Object, collectionType: List, isStatic: false, isOrdered: false, filter: null, precondition: null, body: null, postcondition: null, automaticSynchronize: true, customized: false, paging: false, customizedTransaction: false)
5011 [main] INFO  ipse.xtend.util.stdlib.IOExtensions  - es.ua.dlsi.ooh.conceptualView.impl.OperationImpl@bf72b5 (name: getID, visibility: Public, operationType: ReadOID, description: null, type: Object, collectionType: None, isStatic: false, isOrdered: false, filter: null, precondition: null, body: null, postcondition: null, automaticSynchronize: true, customized: false, paging: false, customizedTransaction: false)
5011 [main] INFO  ipse.xtend.util.stdlib.IOExtensions  - es.ua.dlsi.ooh.conceptualView.impl.OperationImpl@15aebb0 (name: modificarComentario, visibility: Public, operationType: Custom, description: null, type: Void, collectionType: None, isStatic: false, isOrdered: false, filter: null, precondition: null, body: null, postcondition: null, automaticSynchronize: true, customized: false, paging: false, customizedTransaction: false)
5011 [main] INFO  ipse.xtend.util.stdlib.IOExtensions  - es.ua.dlsi.ooh.conceptualView.impl.OperationImpl@64cb25 (name: modify, visibility: Public, operationType: Modifier, description: null, type: Void, collectionType: None, isStatic: false, isOrdered: false, filter: null, precondition: null, body: null, postcondition: null, automaticSynchronize: true, customized: false, paging: false, customizedTransaction: false)
5011 [main] INFO  ipse.xtend.util.stdlib.IOExtensions  - es.ua.dlsi.ooh.conceptualView.impl.OperationImpl@293aa2 (name: filtrarComentarioPorUsuario, visibility: Public, operationType: ReadFilter, description: null, type: Object, collectionType: List, isStatic: false, isOrdered: false, filter: FROM ComentarioEN as com WHERE com.Usuario.ID=:id_usuario, precondition: null, body: null, postcondition: null, automaticSynchronize: false, customized: false, paging: false, customizedTransaction: false)
5011 [main] INFO  ipse.xtend.util.stdlib.IOExtensions  - es.ua.dlsi.ooh.conceptualView.impl.OperationImpl@15b007d (name: filtrarComentarioPorReto, visibility: Public, operationType: ReadFilter, description: null, type: Object, collectionType: List, isStatic: false, isOrdered: false, filter: FROM ComentarioEN as com WHERE com.Reto.ID=:id_reto, precondition: null, body: null, postcondition: null, automaticSynchronize: false, customized: false, paging: false, customizedTransaction: false)
5011 [main] INFO  ipse.xtend.util.stdlib.IOExtensions  - es.ua.dlsi.ooh.conceptualView.impl.OperationImpl@17275fc (name: FiltrarComentarioPorEvento, visibility: Public, operationType: ReadFilter, description: null, type: Object, collectionType: List, isStatic: false, isOrdered: false, filter: FROM ComentarioEN as com WHERE com.Evento.ID=:id_evento, precondition: null, body: null, postcondition: null, automaticSynchronize: false, customized: false, paging: false, customizedTransaction: false)
5011 [main] INFO  ipse.xtend.util.stdlib.IOExtensions  - es.ua.dlsi.ooh.conceptualView.impl.OperationImpl@c6f217 (name: crearComentarioParaEvento, visibility: Public, operationType: CustomTransaction, description: null, type: Integer, collectionType: None, isStatic: false, isOrdered: false, filter: null, precondition: null, body: null, postcondition: null, automaticSynchronize: true, customized: false, paging: false, customizedTransaction: false)
enc:utf-8
5034 [main] INFO  ipse.xtend.util.stdlib.IOExtensions  - es.ua.dlsi.ooh.conceptualView.impl.OperationImpl@1cabb2a (name: crearComentarioParaReto, visibility: Public, operationType: CustomTransaction, description: null, type: Integer, collectionType: None, isStatic: false, isOrdered: false, filter: null, precondition: null, body: null, postcondition: null, automaticSynchronize: true, customized: false, paging: false, customizedTransaction: false)
enc:utf-8
5079 [main] INFO  ipse.xtend.util.stdlib.IOExtensions  - es.ua.dlsi.ooh.conceptualView.impl.OperationImpl@4fabc8 (name: borrarUnComentario, visibility: Public, operationType: CustomTransaction, description: null, type: Void, collectionType: None, isStatic: false, isOrdered: false, filter: null, precondition: null, body: null, postcondition: null, automaticSynchronize: true, customized: false, paging: false, customizedTransaction: false)
enc:utf-8
5090 [main] INFO  ipse.xtend.util.stdlib.IOExtensions  - es.ua.dlsi.ooh.conceptualView.impl.OperationImpl@1ec71f8 (name: borrarComentariosReto, visibility: Public, operationType: CustomTransaction, description: null, type: Void, collectionType: None, isStatic: false, isOrdered: false, filter: null, precondition: null, body: null, postcondition: null, automaticSynchronize: true, customized: false, paging: false, customizedTransaction: false)
enc:utf-8
5112 [main] INFO  ipse.xtend.util.stdlib.IOExtensions  - es.ua.dlsi.ooh.conceptualView.impl.OperationImpl@902638 (name: relationerComentarioEvento, visibility: Public, operationType: Relationer, description: null, type: Void, collectionType: None, isStatic: false, isOrdered: false, filter: null, precondition: null, body: null, postcondition: null, automaticSynchronize: true, customized: false, paging: false, customizedTransaction: false)
5112 [main] INFO  ipse.xtend.util.stdlib.IOExtensions  - es.ua.dlsi.ooh.conceptualView.impl.OperationImpl@fe5c40 (name: relationerComentarioReto, visibility: Public, operationType: Relationer, description: null, type: Void, collectionType: None, isStatic: false, isOrdered: false, filter: null, precondition: null, body: null, postcondition: null, automaticSynchronize: true, customized: false, paging: false, customizedTransaction: false)
5112 [main] INFO  ipse.xtend.util.stdlib.IOExtensions  - es.ua.dlsi.ooh.conceptualView.impl.OperationImpl@11774fe (name: unrelationerComentarioEvento, visibility: Public, operationType: Unrelationer, description: null, type: Void, collectionType: None, isStatic: false, isOrdered: false, filter: null, precondition: null, body: null, postcondition: null, automaticSynchronize: true, customized: false, paging: false, customizedTransaction: false)
5112 [main] INFO  ipse.xtend.util.stdlib.IOExtensions  - es.ua.dlsi.ooh.conceptualView.impl.OperationImpl@13b84b8 (name: unrelationerComentarioReto, visibility: Public, operationType: Unrelationer, description: null, type: Void, collectionType: None, isStatic: false, isOrdered: false, filter: null, precondition: null, body: null, postcondition: null, automaticSynchronize: true, customized: false, paging: false, customizedTransaction: false)
5112 [main] INFO  ipse.xtend.util.stdlib.IOExtensions  - es.ua.dlsi.ooh.conceptualView.impl.OperationImpl@10eb4b4 (name: borrarComentariosEvento, visibility: Public, operationType: CustomTransaction, description: null, type: Void, collectionType: None, isStatic: false, isOrdered: false, filter: null, precondition: null, body: null, postcondition: null, automaticSynchronize: true, customized: false, paging: false, customizedTransaction: false)
enc:utf-8
5135 [main] INFO  ipse.xtend.util.stdlib.IOExtensions  - es.ua.dlsi.ooh.conceptualView.impl.OperationImpl@23b78d (name: FiltrarComentarioPorGymkana, visibility: Public, operationType: ReadFilter, description: null, type: Object, collectionType: List, isStatic: false, isOrdered: false, filter: FROM ComentarioEN as com WHERE com.Gymkana.ID=:id_gym, precondition: null, body: null, postcondition: null, automaticSynchronize: false, customized: false, paging: false, customizedTransaction: false)
5135 [main] INFO  ipse.xtend.util.stdlib.IOExtensions  - es.ua.dlsi.ooh.conceptualView.impl.OperationImpl@adbc9d (name: crearComentarioParaGymkana, visibility: Public, operationType: CustomTransaction, description: null, type: Integer, collectionType: None, isStatic: false, isOrdered: false, filter: null, precondition: null, body: null, postcondition: null, automaticSynchronize: true, customized: false, paging: false, customizedTransaction: false)
enc:utf-8
5146 [main] INFO  ipse.xtend.util.stdlib.IOExtensions  - es.ua.dlsi.ooh.conceptualView.impl.OperationImpl@1139829 (name: borrarComentariosGymkana, visibility: Public, operationType: CustomTransaction, description: null, type: Void, collectionType: None, isStatic: false, isOrdered: false, filter: null, precondition: null, body: null, postcondition: null, automaticSynchronize: true, customized: false, paging: false, customizedTransaction: false)
enc:utf-8
5168 [main] INFO  ipse.xtend.util.stdlib.IOExtensions  - es.ua.dlsi.ooh.conceptualView.impl.OperationImpl@69db50 (name: relationerComentarioGymkana, visibility: Public, operationType: Relationer, description: null, type: Void, collectionType: None, isStatic: false, isOrdered: false, filter: null, precondition: null, body: null, postcondition: null, automaticSynchronize: true, customized: false, paging: false, customizedTransaction: false)
5168 [main] INFO  ipse.xtend.util.stdlib.IOExtensions  - es.ua.dlsi.ooh.conceptualView.impl.OperationImpl@1662a0b (name: unrelationerComentarioGymkana, visibility: Public, operationType: Unrelationer, description: null, type: Void, collectionType: None, isStatic: false, isOrdered: false, filter: null, precondition: null, body: null, postcondition: null, automaticSynchronize: true, customized: false, paging: false, customizedTransaction: false)
enc:utf-8
5191 [main] INFO  ipse.xtend.util.stdlib.IOExtensions  - es.ua.dlsi.ooh.conceptualView.impl.OperationImpl@f0e0ba (name: new, visibility: Public, operationType: New, description: null, type: Object, collectionType: None, isStatic: false, isOrdered: false, filter: null, precondition: null, body: null, postcondition: null, automaticSynchronize: true, customized: false, paging: false, customizedTransaction: false)
5191 [main] INFO  ipse.xtend.util.stdlib.IOExtensions  - es.ua.dlsi.ooh.conceptualView.impl.OperationImpl@149e9bb (name: modify, visibility: Public, operationType: Modifier, description: null, type: Void, collectionType: None, isStatic: false, isOrdered: false, filter: null, precondition: null, body: null, postcondition: null, automaticSynchronize: true, customized: false, paging: false, customizedTransaction: false)
5191 [main] INFO  ipse.xtend.util.stdlib.IOExtensions  - es.ua.dlsi.ooh.conceptualView.impl.OperationImpl@371370 (name: destroy, visibility: Public, operationType: Destroy, description: null, type: Void, collectionType: None, isStatic: false, isOrdered: false, filter: null, precondition: null, body: null, postcondition: null, automaticSynchronize: true, customized: false, paging: false, customizedTransaction: false)
5191 [main] INFO  ipse.xtend.util.stdlib.IOExtensions  - es.ua.dlsi.ooh.conceptualView.impl.OperationImpl@23df74 (name: getAll, visibility: Public, operationType: ReadAll, description: null, type: Object, collectionType: List, isStatic: false, isOrdered: false, filter: null, precondition: null, body: null, postcondition: null, automaticSynchronize: true, customized: false, paging: false, customizedTransaction: false)
5191 [main] INFO  ipse.xtend.util.stdlib.IOExtensions  - es.ua.dlsi.ooh.conceptualView.impl.OperationImpl@13ac989 (name: getID, visibility: Public, operationType: ReadOID, description: null, type: Object, collectionType: None, isStatic: false, isOrdered: false, filter: null, precondition: null, body: null, postcondition: null, automaticSynchronize: true, customized: false, paging: false, customizedTransaction: false)
5191 [main] INFO  ipse.xtend.util.stdlib.IOExtensions  - es.ua.dlsi.ooh.conceptualView.impl.OperationImpl@65fe7c (name: deshacerAdmin, visibility: Public, operationType: CustomTransaction, description: null, type: Void, collectionType: None, isStatic: false, isOrdered: false, filter: null, precondition: null, body: null, postcondition: null, automaticSynchronize: true, customized: false, paging: false, customizedTransaction: false)
enc:utf-8
enc:utf-8
5224 [main] INFO  ipse.xtend.util.stdlib.IOExtensions  - es.ua.dlsi.ooh.conceptualView.impl.OperationImpl@1304f14 (name: consultarReporte, visibility: Public, operationType: Custom, description: null, type: String, collectionType: None, isStatic: false, isOrdered: false, filter: null, precondition: null, body: null, postcondition: null, automaticSynchronize: true, customized: false, paging: false, customizedTransaction: false)
5224 [main] INFO  ipse.xtend.util.stdlib.IOExtensions  - es.ua.dlsi.ooh.conceptualView.impl.OperationImpl@19e9125 (name: new, visibility: Public, operationType: New, description: null, type: Object, collectionType: None, isStatic: false, isOrdered: false, filter: null, precondition: null, body: null, postcondition: null, automaticSynchronize: true, customized: false, paging: false, customizedTransaction: false)
5224 [main] INFO  ipse.xtend.util.stdlib.IOExtensions  - es.ua.dlsi.ooh.conceptualView.impl.OperationImpl@7b252e (name: destroy, visibility: Public, operationType: Destroy, description: null, type: Void, collectionType: None, isStatic: false, isOrdered: false, filter: null, precondition: null, body: null, postcondition: null, automaticSynchronize: true, customized: false, paging: false, customizedTransaction: false)
5224 [main] INFO  ipse.xtend.util.stdlib.IOExtensions  - es.ua.dlsi.ooh.conceptualView.impl.OperationImpl@8f2016 (name: getAll, visibility: Public, operationType: ReadAll, description: null, type: Object, collectionType: List, isStatic: false, isOrdered: false, filter: null, precondition: null, body: null, postcondition: null, automaticSynchronize: true, customized: false, paging: false, customizedTransaction: false)
5224 [main] INFO  ipse.xtend.util.stdlib.IOExtensions  - es.ua.dlsi.ooh.conceptualView.impl.OperationImpl@583ecf (name: getID, visibility: Public, operationType: ReadOID, description: null, type: Object, collectionType: None, isStatic: false, isOrdered: false, filter: null, precondition: null, body: null, postcondition: null, automaticSynchronize: true, customized: false, paging: false, customizedTransaction: false)
5224 [main] INFO  ipse.xtend.util.stdlib.IOExtensions  - es.ua.dlsi.ooh.conceptualView.impl.OperationImpl@f2bd5b (name: filtrarReportePorEventoYUsuario, visibility: Public, operationType: ReadFilter, description: null, type: Object, collectionType: None, isStatic: false, isOrdered: false, filter: FROM ReporteEN as rep WHERE rep.Evento.ID=:id_evento and rep.Usuario.ID=:id_usuario, precondition: null, body: null, postcondition: null, automaticSynchronize: false, customized: false, paging: false, customizedTransaction: false)
5224 [main] INFO  ipse.xtend.util.stdlib.IOExtensions  - es.ua.dlsi.ooh.conceptualView.impl.OperationImpl@afa419 (name: filtrarReportePorRetoYUsuario, visibility: Public, operationType: ReadFilter, description: null, type: Object, collectionType: None, isStatic: false, isOrdered: false, filter: FROM ReporteEN as rep WHERE rep.Reto.ID=:id_reto and rep.Usuario.ID=:id_usuario, precondition: null, body: null, postcondition: null, automaticSynchronize: false, customized: false, paging: false, customizedTransaction: false)
5224 [main] INFO  ipse.xtend.util.stdlib.IOExtensions  - es.ua.dlsi.ooh.conceptualView.impl.OperationImpl@1182842 (name: filtrarReportesPorEvento, visibility: Public, operationType: ReadFilter, description: null, type: Object, collectionType: List, isStatic: false, isOrdered: false, filter: FROM ReporteEN as rep WHERE rep.Evento.ID=:id_evento, precondition: null, body: null, postcondition: null, automaticSynchronize: false, customized: false, paging: false, customizedTransaction: false)
5224 [main] INFO  ipse.xtend.util.stdlib.IOExtensions  - es.ua.dlsi.ooh.conceptualView.impl.OperationImpl@15834f2 (name: filtrarReportesPorReto, visibility: Public, operationType: ReadFilter, description: null, type: Object, collectionType: List, isStatic: false, isOrdered: false, filter: FROM ReporteEN as rep WHERE rep.Reto.ID=:id_reto, precondition: null, body: null, postcondition: null, automaticSynchronize: false, customized: false, paging: false, customizedTransaction: false)
5224 [main] INFO  ipse.xtend.util.stdlib.IOExtensions  - es.ua.dlsi.ooh.conceptualView.impl.OperationImpl@18d6a3 (name: filtrarReportesPorUsuario, visibility: Public, operationType: ReadFilter, description: null, type: Object, collectionType: List, isStatic: false, isOrdered: false, filter: FROM ReporteEN as rep WHERE rep.Usuario.ID=:id_usuario, precondition: null, body: null, postcondition: null, automaticSynchronize: false, customized: false, paging: false, customizedTransaction: false)
5224 [main] INFO  ipse.xtend.util.stdlib.IOExtensions  - es.ua.dlsi.ooh.conceptualView.impl.OperationImpl@cd1699 (name: ReportarReto, visibility: Public, operationType: CustomTransaction, description: null, type: Integer, collectionType: None, isStatic: false, isOrdered: false, filter: null, precondition: null, body: null, postcondition: null, automaticSynchronize: true, customized: false, paging: false, customizedTransaction: false)
enc:utf-8
5247 [main] INFO  ipse.xtend.util.stdlib.IOExtensions  - es.ua.dlsi.ooh.conceptualView.impl.OperationImpl@198f307 (name: ReportarEvento, visibility: Public, operationType: CustomTransaction, description: null, type: Integer, collectionType: None, isStatic: false, isOrdered: false, filter: null, precondition: null, body: null, postcondition: null, automaticSynchronize: true, customized: false, paging: false, customizedTransaction: false)
enc:utf-8
5269 [main] INFO  ipse.xtend.util.stdlib.IOExtensions  - es.ua.dlsi.ooh.conceptualView.impl.OperationImpl@1fb9ffc (name: relationerReporteReto, visibility: Public, operationType: Relationer, description: null, type: Void, collectionType: None, isStatic: false, isOrdered: false, filter: null, precondition: null, body: null, postcondition: null, automaticSynchronize: true, customized: false, paging: false, customizedTransaction: false)
5269 [main] INFO  ipse.xtend.util.stdlib.IOExtensions  - es.ua.dlsi.ooh.conceptualView.impl.OperationImpl@691363 (name: relationerReporteEvento, visibility: Public, operationType: Relationer, description: null, type: Void, collectionType: None, isStatic: false, isOrdered: false, filter: null, precondition: null, body: null, postcondition: null, automaticSynchronize: true, customized: false, paging: false, customizedTransaction: false)
5269 [main] INFO  ipse.xtend.util.stdlib.IOExtensions  - es.ua.dlsi.ooh.conceptualView.impl.OperationImpl@197fbdb (name: BorrarReportesEvento, visibility: Public, operationType: CustomTransaction, description: null, type: Void, collectionType: None, isStatic: false, isOrdered: false, filter: null, precondition: null, body: null, postcondition: null, automaticSynchronize: true, customized: false, paging: false, customizedTransaction: false)
enc:utf-8
5280 [main] INFO  ipse.xtend.util.stdlib.IOExtensions  - es.ua.dlsi.ooh.conceptualView.impl.OperationImpl@15c6049 (name: BorrarReportesReto, visibility: Public, operationType: CustomTransaction, description: null, type: Void, collectionType: None, isStatic: false, isOrdered: false, filter: null, precondition: null, body: null, postcondition: null, automaticSynchronize: true, customized: false, paging: false, customizedTransaction: false)
enc:utf-8
5314 [main] INFO  ipse.xtend.util.stdlib.IOExtensions  - es.ua.dlsi.ooh.conceptualView.impl.OperationImpl@1e94a96 (name: unrelationerReporteReto, visibility: Public, operationType: Unrelationer, description: null, type: Void, collectionType: None, isStatic: false, isOrdered: false, filter: null, precondition: null, body: null, postcondition: null, automaticSynchronize: true, customized: false, paging: false, customizedTransaction: false)
5314 [main] INFO  ipse.xtend.util.stdlib.IOExtensions  - es.ua.dlsi.ooh.conceptualView.impl.OperationImpl@235045 (name: unrelationerReporteEvento, visibility: Public, operationType: Unrelationer, description: null, type: Void, collectionType: None, isStatic: false, isOrdered: false, filter: null, precondition: null, body: null, postcondition: null, automaticSynchronize: true, customized: false, paging: false, customizedTransaction: false)
5314 [main] INFO  ipse.xtend.util.stdlib.IOExtensions  - es.ua.dlsi.ooh.conceptualView.impl.OperationImpl@c15d8b (name: borrarUnReporte, visibility: Public, operationType: CustomTransaction, description: null, type: Void, collectionType: None, isStatic: false, isOrdered: false, filter: null, precondition: null, body: null, postcondition: null, automaticSynchronize: true, customized: false, paging: false, customizedTransaction: false)
enc:utf-8
5336 [main] INFO  ipse.xtend.util.stdlib.IOExtensions  - es.ua.dlsi.ooh.conceptualView.impl.OperationImpl@171beb3 (name: filtrarReportePorGymkanaYUsuario, visibility: Public, operationType: ReadFilter, description: null, type: Object, collectionType: None, isStatic: false, isOrdered: false, filter: FROM ReporteEN as rep WHERE rep.Gymkana.ID=:id_gym and rep.Usuario.ID=:id_usuario, precondition: null, body: null, postcondition: null, automaticSynchronize: false, customized: false, paging: false, customizedTransaction: false)
5336 [main] INFO  ipse.xtend.util.stdlib.IOExtensions  - es.ua.dlsi.ooh.conceptualView.impl.OperationImpl@11f53a0 (name: filtrarReportesPorGymkana, visibility: Public, operationType: ReadFilter, description: null, type: Object, collectionType: List, isStatic: false, isOrdered: false, filter: FROM ReporteEN as rep WHERE rep.Gymkana.ID=:id_gym, precondition: null, body: null, postcondition: null, automaticSynchronize: false, customized: false, paging: false, customizedTransaction: false)
5336 [main] INFO  ipse.xtend.util.stdlib.IOExtensions  - es.ua.dlsi.ooh.conceptualView.impl.OperationImpl@fc695d (name: ReportarGymkana, visibility: Public, operationType: CustomTransaction, description: null, type: Integer, collectionType: None, isStatic: false, isOrdered: false, filter: null, precondition: null, body: null, postcondition: null, automaticSynchronize: true, customized: false, paging: false, customizedTransaction: false)
enc:utf-8
5359 [main] INFO  ipse.xtend.util.stdlib.IOExtensions  - es.ua.dlsi.ooh.conceptualView.impl.OperationImpl@379589 (name: relationerReporteGymkana, visibility: Public, operationType: Relationer, description: null, type: Void, collectionType: None, isStatic: false, isOrdered: false, filter: null, precondition: null, body: null, postcondition: null, automaticSynchronize: true, customized: false, paging: false, customizedTransaction: false)
5359 [main] INFO  ipse.xtend.util.stdlib.IOExtensions  - es.ua.dlsi.ooh.conceptualView.impl.OperationImpl@1bf0d49 (name: BorrarReportesGymkana, visibility: Public, operationType: CustomTransaction, description: null, type: Void, collectionType: None, isStatic: false, isOrdered: false, filter: null, precondition: null, body: null, postcondition: null, automaticSynchronize: true, customized: false, paging: false, customizedTransaction: false)
enc:utf-8
5370 [main] INFO  ipse.xtend.util.stdlib.IOExtensions  - es.ua.dlsi.ooh.conceptualView.impl.OperationImpl@16aec5c (name: unrelationerReporteGymkana, visibility: Public, operationType: Unrelationer, description: null, type: Void, collectionType: None, isStatic: false, isOrdered: false, filter: null, precondition: null, body: null, postcondition: null, automaticSynchronize: true, customized: false, paging: false, customizedTransaction: false)
enc:utf-8
5392 [main] INFO  ipse.xtend.util.stdlib.IOExtensions  - es.ua.dlsi.ooh.conceptualView.impl.OperationImpl@12b08d6 (name: verEvento, visibility: Public, operationType: Custom, description: null, type: Object, collectionType: None, isStatic: false, isOrdered: false, filter: null, precondition: null, body: null, postcondition: null, automaticSynchronize: true, customized: false, paging: false, customizedTransaction: false)
5392 [main] INFO  ipse.xtend.util.stdlib.IOExtensions  - es.ua.dlsi.ooh.conceptualView.impl.OperationImpl@ebc363 (name: new, visibility: Public, operationType: New, description: null, type: Object, collectionType: None, isStatic: false, isOrdered: false, filter: null, precondition: null, body: null, postcondition: null, automaticSynchronize: true, customized: false, paging: false, customizedTransaction: false)
5392 [main] INFO  ipse.xtend.util.stdlib.IOExtensions  - es.ua.dlsi.ooh.conceptualView.impl.OperationImpl@1bc63a3 (name: modify, visibility: Public, operationType: Modifier, description: null, type: Void, collectionType: None, isStatic: false, isOrdered: false, filter: null, precondition: null, body: null, postcondition: null, automaticSynchronize: true, customized: false, paging: false, customizedTransaction: false)
5392 [main] INFO  ipse.xtend.util.stdlib.IOExtensions  - es.ua.dlsi.ooh.conceptualView.impl.OperationImpl@11ef81a (name: destroy, visibility: Public, operationType: Destroy, description: null, type: Void, collectionType: None, isStatic: false, isOrdered: false, filter: null, precondition: null, body: null, postcondition: null, automaticSynchronize: true, customized: false, paging: false, customizedTransaction: false)
5392 [main] INFO  ipse.xtend.util.stdlib.IOExtensions  - es.ua.dlsi.ooh.conceptualView.impl.OperationImpl@127514f (name: getAll, visibility: Public, operationType: ReadAll, description: null, type: Object, collectionType: List, isStatic: false, isOrdered: false, filter: null, precondition: null, body: null, postcondition: null, automaticSynchronize: true, customized: false, paging: false, customizedTransaction: false)
5392 [main] INFO  ipse.xtend.util.stdlib.IOExtensions  - es.ua.dlsi.ooh.conceptualView.impl.OperationImpl@112b668 (name: getID, visibility: Public, operationType: ReadOID, description: null, type: Object, collectionType: None, isStatic: false, isOrdered: false, filter: null, precondition: null, body: null, postcondition: null, automaticSynchronize: true, customized: false, paging: false, customizedTransaction: false)
5392 [main] INFO  ipse.xtend.util.stdlib.IOExtensions  - es.ua.dlsi.ooh.conceptualView.impl.OperationImpl@12331b (name: filtrarEventoPorUsuario, visibility: Public, operationType: ReadFilter, description: null, type: Object, collectionType: List, isStatic: false, isOrdered: false, filter: FROM EventoEN as ev WHERE ev.Usuario.ID=:id_usu, precondition: null, body: null, postcondition: null, automaticSynchronize: false, customized: false, paging: false, customizedTransaction: false)
5392 [main] INFO  ipse.xtend.util.stdlib.IOExtensions  - es.ua.dlsi.ooh.conceptualView.impl.OperationImpl@169e7d1 (name: crearEvento, visibility: Public, operationType: CustomTransaction, description: null, type: Void, collectionType: None, isStatic: false, isOrdered: false, filter: null, precondition: null, body: null, postcondition: null, automaticSynchronize: true, customized: false, paging: false, customizedTransaction: false)
enc:utf-8
5415 [main] INFO  ipse.xtend.util.stdlib.IOExtensions  - es.ua.dlsi.ooh.conceptualView.impl.OperationImpl@c03695 (name: borrarEvento, visibility: Public, operationType: CustomTransaction, description: null, type: Void, collectionType: None, isStatic: false, isOrdered: false, filter: null, precondition: null, body: null, postcondition: null, automaticSynchronize: true, customized: false, paging: false, customizedTransaction: false)
enc:utf-8
5437 [main] INFO  ipse.xtend.util.stdlib.IOExtensions  - es.ua.dlsi.ooh.conceptualView.impl.OperationImpl@1d05255 (name: modificarEvento, visibility: Public, operationType: CustomTransaction, description: null, type: Void, collectionType: None, isStatic: false, isOrdered: false, filter: null, precondition: null, body: null, postcondition: null, automaticSynchronize: true, customized: false, paging: false, customizedTransaction: false)
enc:utf-8
5460 [main] INFO  ipse.xtend.util.stdlib.IOExtensions  - es.ua.dlsi.ooh.conceptualView.impl.OperationImpl@12586d6 (name: AnadirMapa, visibility: Public, operationType: Relationer, description: null, type: Void, collectionType: None, isStatic: false, isOrdered: false, filter: null, precondition: null, body: null, postcondition: null, automaticSynchronize: true, customized: false, paging: false, customizedTransaction: false)
5460 [main] INFO  ipse.xtend.util.stdlib.IOExtensions  - es.ua.dlsi.ooh.conceptualView.impl.OperationImpl@a9e4eb (name: EliminarMapa, visibility: Public, operationType: Unrelationer, description: null, type: Void, collectionType: None, isStatic: false, isOrdered: false, filter: null, precondition: null, body: null, postcondition: null, automaticSynchronize: true, customized: false, paging: false, customizedTransaction: false)
enc:utf-8
5471 [main] INFO  ipse.xtend.util.stdlib.IOExtensions  - es.ua.dlsi.ooh.conceptualView.impl.OperationImpl@15958c9 (name: verPasos, visibility: Public, operationType: Custom, description: null, type: Object, collectionType: List, isStatic: false, isOrdered: false, filter: null, precondition: null, body: null, postcondition: null, automaticSynchronize: true, customized: false, paging: false, customizedTransaction: false)
5471 [main] INFO  ipse.xtend.util.stdlib.IOExtensions  - es.ua.dlsi.ooh.conceptualView.impl.OperationImpl@b738bb (name: new, visibility: Public, operationType: New, description: null, type: Object, collectionType: None, isStatic: false, isOrdered: false, filter: null, precondition: null, body: null, postcondition: null, automaticSynchronize: true, customized: false, paging: false, customizedTransaction: false)
5471 [main] INFO  ipse.xtend.util.stdlib.IOExtensions  - es.ua.dlsi.ooh.conceptualView.impl.OperationImpl@185a6e9 (name: modify, visibility: Public, operationType: Modifier, description: null, type: Void, collectionType: None, isStatic: false, isOrdered: false, filter: null, precondition: null, body: null, postcondition: null, automaticSynchronize: true, customized: false, paging: false, customizedTransaction: false)
5471 [main] INFO  ipse.xtend.util.stdlib.IOExtensions  - es.ua.dlsi.ooh.conceptualView.impl.OperationImpl@19ece50 (name: destroy, visibility: Public, operationType: Destroy, description: null, type: Void, collectionType: None, isStatic: false, isOrdered: false, filter: null, precondition: null, body: null, postcondition: null, automaticSynchronize: true, customized: false, paging: false, customizedTransaction: false)
5471 [main] INFO  ipse.xtend.util.stdlib.IOExtensions  - es.ua.dlsi.ooh.conceptualView.impl.OperationImpl@d3e762 (name: getAll, visibility: Public, operationType: ReadAll, description: null, type: Object, collectionType: List, isStatic: false, isOrdered: false, filter: null, precondition: null, body: null, postcondition: null, automaticSynchronize: true, customized: false, paging: false, customizedTransaction: false)
5471 [main] INFO  ipse.xtend.util.stdlib.IOExtensions  - es.ua.dlsi.ooh.conceptualView.impl.OperationImpl@1a121e2 (name: getID, visibility: Public, operationType: ReadOID, description: null, type: Object, collectionType: None, isStatic: false, isOrdered: false, filter: null, precondition: null, body: null, postcondition: null, automaticSynchronize: true, customized: false, paging: false, customizedTransaction: false)
5471 [main] INFO  ipse.xtend.util.stdlib.IOExtensions  - es.ua.dlsi.ooh.conceptualView.impl.OperationImpl@116aac9 (name: verPaso, visibility: Public, operationType: Custom, description: null, type: Object, collectionType: None, isStatic: false, isOrdered: false, filter: null, precondition: null, body: null, postcondition: null, automaticSynchronize: true, customized: false, paging: false, customizedTransaction: false)
5471 [main] INFO  ipse.xtend.util.stdlib.IOExtensions  - es.ua.dlsi.ooh.conceptualView.impl.OperationImpl@e52ef6 (name: filtrarPasoPorGymkana, visibility: Public, operationType: ReadFilter, description: null, type: Object, collectionType: List, isStatic: false, isOrdered: false, filter: FROM PasoEN as pas WHERE pas.Gymkana.ID=:id_gym, precondition: null, body: null, postcondition: null, automaticSynchronize: false, customized: false, paging: false, customizedTransaction: false)
5471 [main] INFO  ipse.xtend.util.stdlib.IOExtensions  - es.ua.dlsi.ooh.conceptualView.impl.OperationImpl@677343 (name: borrarPaso, visibility: Public, operationType: CustomTransaction, description: null, type: Void, collectionType: None, isStatic: false, isOrdered: false, filter: null, precondition: null, body: null, postcondition: null, automaticSynchronize: true, customized: false, paging: false, customizedTransaction: false)
enc:utf-8
5493 [main] INFO  ipse.xtend.util.stdlib.IOExtensions  - es.ua.dlsi.ooh.conceptualView.impl.OperationImpl@9115ef (name: modificarPaso, visibility: Public, operationType: CustomTransaction, description: null, type: Void, collectionType: None, isStatic: false, isOrdered: false, filter: null, precondition: null, body: null, postcondition: null, automaticSynchronize: true, customized: false, paging: false, customizedTransaction: false)
enc:utf-8
enc:utf-8
5527 [main] INFO  ipse.xtend.util.stdlib.IOExtensions  - es.ua.dlsi.ooh.conceptualView.impl.OperationImpl@12bac3f (name: new, visibility: Public, operationType: New, description: null, type: Object, collectionType: None, isStatic: false, isOrdered: false, filter: null, precondition: null, body: null, postcondition: null, automaticSynchronize: true, customized: false, paging: false, customizedTransaction: false)
5527 [main] INFO  ipse.xtend.util.stdlib.IOExtensions  - es.ua.dlsi.ooh.conceptualView.impl.OperationImpl@794848 (name: getPuntuaciones, visibility: Public, operationType: ReadAll, description: null, type: Object, collectionType: List, isStatic: false, isOrdered: false, filter: null, precondition: null, body: null, postcondition: null, automaticSynchronize: true, customized: false, paging: false, customizedTransaction: false)
5527 [main] INFO  ipse.xtend.util.stdlib.IOExtensions  - es.ua.dlsi.ooh.conceptualView.impl.OperationImpl@2552ec (name: getID, visibility: Public, operationType: ReadOID, description: null, type: Object, collectionType: None, isStatic: false, isOrdered: false, filter: null, precondition: null, body: null, postcondition: null, automaticSynchronize: true, customized: false, paging: false, customizedTransaction: false)
5527 [main] INFO  ipse.xtend.util.stdlib.IOExtensions  - es.ua.dlsi.ooh.conceptualView.impl.OperationImpl@5471 (name: filtrarPuntuacionPorUsuarioYReto, visibility: Public, operationType: ReadFilter, description: null, type: Object, collectionType: None, isStatic: false, isOrdered: false, filter: FROM PuntuacionEN as pun WHERE pun.Reto.ID=:id_reto and pun.Usuario.ID=:id_usuario, precondition: null, body: null, postcondition: null, automaticSynchronize: false, customized: false, paging: false, customizedTransaction: false)
5527 [main] INFO  ipse.xtend.util.stdlib.IOExtensions  - es.ua.dlsi.ooh.conceptualView.impl.OperationImpl@1438269 (name: filtrarPuntuacionPorEventoYUsuario, visibility: Public, operationType: ReadFilter, description: null, type: Object, collectionType: None, isStatic: false, isOrdered: false, filter: FROM PuntuacionEN as pun WHERE pun.Evento.ID=:id_evento and pun.Usuario.ID=:id_usuario, precondition: null, body: null, postcondition: null, automaticSynchronize: false, customized: false, paging: false, customizedTransaction: false)
5527 [main] INFO  ipse.xtend.util.stdlib.IOExtensions  - es.ua.dlsi.ooh.conceptualView.impl.OperationImpl@1fe41ea (name: modificarPuntuacion, visibility: Public, operationType: Custom, description: null, type: Void, collectionType: None, isStatic: false, isOrdered: false, filter: null, precondition: null, body: null, postcondition: null, automaticSynchronize: true, customized: false, paging: false, customizedTransaction: false)
5527 [main] INFO  ipse.xtend.util.stdlib.IOExtensions  - es.ua.dlsi.ooh.conceptualView.impl.OperationImpl@1da768f (name: modify, visibility: Public, operationType: Modifier, description: null, type: Void, collectionType: None, isStatic: false, isOrdered: false, filter: null, precondition: null, body: null, postcondition: null, automaticSynchronize: true, customized: false, paging: false, customizedTransaction: false)
5527 [main] INFO  ipse.xtend.util.stdlib.IOExtensions  - es.ua.dlsi.ooh.conceptualView.impl.OperationImpl@ceadd4 (name: destroy, visibility: Public, operationType: Destroy, description: null, type: Void, collectionType: None, isStatic: false, isOrdered: false, filter: null, precondition: null, body: null, postcondition: null, automaticSynchronize: true, customized: false, paging: false, customizedTransaction: false)
5527 [main] INFO  ipse.xtend.util.stdlib.IOExtensions  - es.ua.dlsi.ooh.conceptualView.impl.OperationImpl@52dba3 (name: filtrarPuntuacionPorEvento, visibility: Public, operationType: ReadFilter, description: null, type: Object, collectionType: List, isStatic: false, isOrdered: false, filter: FROM PuntuacionEN as pun WHERE pun.Evento.ID=:id_evento, precondition: null, body: null, postcondition: null, automaticSynchronize: false, customized: false, paging: false, customizedTransaction: false)
5527 [main] INFO  ipse.xtend.util.stdlib.IOExtensions  - es.ua.dlsi.ooh.conceptualView.impl.OperationImpl@12325ad (name: filtrarPuntuacionPorReto, visibility: Public, operationType: ReadFilter, description: null, type: Object, collectionType: List, isStatic: false, isOrdered: false, filter: FROM PuntuacionEN as pun WHERE pun.Reto.ID=:id_reto, precondition: null, body: null, postcondition: null, automaticSynchronize: false, customized: false, paging: false, customizedTransaction: false)
5527 [main] INFO  ipse.xtend.util.stdlib.IOExtensions  - es.ua.dlsi.ooh.conceptualView.impl.OperationImpl@13ca52e (name: verMediaEvento, visibility: Public, operationType: Custom, description: null, type: Double, collectionType: None, isStatic: false, isOrdered: false, filter: null, precondition: null, body: null, postcondition: null, automaticSynchronize: true, customized: false, paging: false, customizedTransaction: false)
5527 [main] INFO  ipse.xtend.util.stdlib.IOExtensions  - es.ua.dlsi.ooh.conceptualView.impl.OperationImpl@125bf5b (name: verMediaReto, visibility: Public, operationType: Custom, description: null, type: Double, collectionType: None, isStatic: false, isOrdered: false, filter: null, precondition: null, body: null, postcondition: null, automaticSynchronize: true, customized: false, paging: false, customizedTransaction: false)
5527 [main] INFO  ipse.xtend.util.stdlib.IOExtensions  - es.ua.dlsi.ooh.conceptualView.impl.OperationImpl@1f4931d (name: crearPuntuacionParaEvento, visibility: Public, operationType: CustomTransaction, description: null, type: Integer, collectionType: None, isStatic: false, isOrdered: false, filter: null, precondition: null, body: null, postcondition: null, automaticSynchronize: true, customized: false, paging: false, customizedTransaction: false)
enc:utf-8
5549 [main] INFO  ipse.xtend.util.stdlib.IOExtensions  - es.ua.dlsi.ooh.conceptualView.impl.OperationImpl@10f3d34 (name: crearPuntuacionParaReto, visibility: Public, operationType: CustomTransaction, description: null, type: Integer, collectionType: None, isStatic: false, isOrdered: false, filter: null, precondition: null, body: null, postcondition: null, automaticSynchronize: true, customized: false, paging: false, customizedTransaction: false)
enc:utf-8
5572 [main] INFO  ipse.xtend.util.stdlib.IOExtensions  - es.ua.dlsi.ooh.conceptualView.impl.OperationImpl@12c9a9c (name: relationerPuntuacionEvento, visibility: Public, operationType: Relationer, description: null, type: Void, collectionType: None, isStatic: false, isOrdered: false, filter: null, precondition: null, body: null, postcondition: null, automaticSynchronize: true, customized: false, paging: false, customizedTransaction: false)
5572 [main] INFO  ipse.xtend.util.stdlib.IOExtensions  - es.ua.dlsi.ooh.conceptualView.impl.OperationImpl@1d82cf5 (name: relationerPuntuacionReto, visibility: Public, operationType: Relationer, description: null, type: Void, collectionType: None, isStatic: false, isOrdered: false, filter: null, precondition: null, body: null, postcondition: null, automaticSynchronize: true, customized: false, paging: false, customizedTransaction: false)
5572 [main] INFO  ipse.xtend.util.stdlib.IOExtensions  - es.ua.dlsi.ooh.conceptualView.impl.OperationImpl@135dea7 (name: borrarPuntuacionEvento, visibility: Public, operationType: CustomTransaction, description: null, type: Void, collectionType: None, isStatic: false, isOrdered: false, filter: null, precondition: null, body: null, postcondition: null, automaticSynchronize: true, customized: false, paging: false, customizedTransaction: false)
enc:utf-8
5594 [main] INFO  ipse.xtend.util.stdlib.IOExtensions  - es.ua.dlsi.ooh.conceptualView.impl.OperationImpl@5d171f (name: borrarPuntuacionReto, visibility: Public, operationType: CustomTransaction, description: null, type: Void, collectionType: None, isStatic: false, isOrdered: false, filter: null, precondition: null, body: null, postcondition: null, automaticSynchronize: true, customized: false, paging: false, customizedTransaction: false)
enc:utf-8
5617 [main] INFO  ipse.xtend.util.stdlib.IOExtensions  - es.ua.dlsi.ooh.conceptualView.impl.OperationImpl@1d20d0b (name: unrelationerPuntuacionEvento, visibility: Public, operationType: Unrelationer, description: null, type: Void, collectionType: None, isStatic: false, isOrdered: false, filter: null, precondition: null, body: null, postcondition: null, automaticSynchronize: true, customized: false, paging: false, customizedTransaction: false)
5617 [main] INFO  ipse.xtend.util.stdlib.IOExtensions  - es.ua.dlsi.ooh.conceptualView.impl.OperationImpl@40365c (name: unrelationerPuntuacionReto, visibility: Public, operationType: Unrelationer, description: null, type: Void, collectionType: None, isStatic: false, isOrdered: false, filter: null, precondition: null, body: null, postcondition: null, automaticSynchronize: true, customized: false, paging: false, customizedTransaction: false)
5617 [main] INFO  ipse.xtend.util.stdlib.IOExtensions  - es.ua.dlsi.ooh.conceptualView.impl.OperationImpl@1b0dcab (name: filtrarComentarioPorUsuario, visibility: Public, operationType: ReadFilter, description: null, type: Object, collectionType: List, isStatic: false, isOrdered: false, filter: FROM PuntuacionEN as pun WHERE pun.Usuario.ID=:id_usuario, precondition: null, body: null, postcondition: null, automaticSynchronize: false, customized: false, paging: false, customizedTransaction: false)
5617 [main] INFO  ipse.xtend.util.stdlib.IOExtensions  - es.ua.dlsi.ooh.conceptualView.impl.OperationImpl@1f3b89c (name: filtrarPuntuacionPorUsuarioYGymkana, visibility: Public, operationType: ReadFilter, description: null, type: Object, collectionType: None, isStatic: false, isOrdered: false, filter: FROM PuntuacionEN as pun WHERE pun.Gymkana.ID=:id_gym and pun.Usuario.ID=:id_usuario, precondition: null, body: null, postcondition: null, automaticSynchronize: false, customized: false, paging: false, customizedTransaction: false)
5617 [main] INFO  ipse.xtend.util.stdlib.IOExtensions  - es.ua.dlsi.ooh.conceptualView.impl.OperationImpl@1ceb1df (name: filtrarPuntuacionPorGymkana, visibility: Public, operationType: ReadFilter, description: null, type: Object, collectionType: List, isStatic: false, isOrdered: false, filter: FROM PuntuacionEN as pun WHERE pun.Gymkana.ID=:id_gym, precondition: null, body: null, postcondition: null, automaticSynchronize: false, customized: false, paging: false, customizedTransaction: false)
5617 [main] INFO  ipse.xtend.util.stdlib.IOExtensions  - es.ua.dlsi.ooh.conceptualView.impl.OperationImpl@20d525 (name: verMediaGymkana, visibility: Public, operationType: Custom, description: null, type: Double, collectionType: None, isStatic: false, isOrdered: false, filter: null, precondition: null, body: null, postcondition: null, automaticSynchronize: true, customized: false, paging: false, customizedTransaction: false)
5617 [main] INFO  ipse.xtend.util.stdlib.IOExtensions  - es.ua.dlsi.ooh.conceptualView.impl.OperationImpl@2fc1d (name: crearPuntuacionParaGymkana, visibility: Public, operationType: CustomTransaction, description: null, type: Integer, collectionType: None, isStatic: false, isOrdered: false, filter: null, precondition: null, body: null, postcondition: null, automaticSynchronize: true, customized: false, paging: false, customizedTransaction: false)
enc:utf-8
5639 [main] INFO  ipse.xtend.util.stdlib.IOExtensions  - es.ua.dlsi.ooh.conceptualView.impl.OperationImpl@134d211 (name: relationerPuntuacionGymkana, visibility: Public, operationType: Relationer, description: null, type: Void, collectionType: None, isStatic: false, isOrdered: false, filter: null, precondition: null, body: null, postcondition: null, automaticSynchronize: true, customized: false, paging: false, customizedTransaction: false)
5639 [main] INFO  ipse.xtend.util.stdlib.IOExtensions  - es.ua.dlsi.ooh.conceptualView.impl.OperationImpl@1c1b556 (name: borrarPuntuacionGymkana, visibility: Public, operationType: CustomTransaction, description: null, type: Void, collectionType: None, isStatic: false, isOrdered: false, filter: null, precondition: null, body: null, postcondition: null, automaticSynchronize: true, customized: false, paging: false, customizedTransaction: false)
enc:utf-8
5673 [main] INFO  ipse.xtend.util.stdlib.IOExtensions  - es.ua.dlsi.ooh.conceptualView.impl.OperationImpl@fcf7ab (name: unrelationerPuntuacionGymkana, visibility: Public, operationType: Unrelationer, description: null, type: Void, collectionType: None, isStatic: false, isOrdered: false, filter: null, precondition: null, body: null, postcondition: null, automaticSynchronize: true, customized: false, paging: false, customizedTransaction: false)
enc:utf-8
5695 [main] INFO  ipse.xtend.util.stdlib.IOExtensions  - es.ua.dlsi.ooh.conceptualView.impl.OperationImpl@1f7cd29 (name: filtrarMapa, visibility: Public, operationType: Custom, description: null, type: Object, collectionType: List, isStatic: false, isOrdered: false, filter: null, precondition: null, body: null, postcondition: null, automaticSynchronize: true, customized: false, paging: false, customizedTransaction: false)
5695 [main] INFO  ipse.xtend.util.stdlib.IOExtensions  - es.ua.dlsi.ooh.conceptualView.impl.OperationImpl@3d9b6b (name: new, visibility: Public, operationType: New, description: null, type: Object, collectionType: None, isStatic: false, isOrdered: false, filter: null, precondition: null, body: null, postcondition: null, automaticSynchronize: true, customized: false, paging: false, customizedTransaction: false)
5695 [main] INFO  ipse.xtend.util.stdlib.IOExtensions  - es.ua.dlsi.ooh.conceptualView.impl.OperationImpl@50c791 (name: getAll, visibility: Public, operationType: ReadAll, description: null, type: Object, collectionType: List, isStatic: false, isOrdered: false, filter: null, precondition: null, body: null, postcondition: null, automaticSynchronize: true, customized: false, paging: false, customizedTransaction: false)
5695 [main] INFO  ipse.xtend.util.stdlib.IOExtensions  - es.ua.dlsi.ooh.conceptualView.impl.OperationImpl@130ad9c (name: getID, visibility: Public, operationType: ReadOID, description: null, type: Object, collectionType: None, isStatic: false, isOrdered: false, filter: null, precondition: null, body: null, postcondition: null, automaticSynchronize: true, customized: false, paging: false, customizedTransaction: false)
5695 [main] INFO  ipse.xtend.util.stdlib.IOExtensions  - es.ua.dlsi.ooh.conceptualView.impl.OperationImpl@1e9ddb4 (name: modify, visibility: Public, operationType: Modifier, description: null, type: Void, collectionType: None, isStatic: false, isOrdered: false, filter: null, precondition: null, body: null, postcondition: null, automaticSynchronize: true, customized: false, paging: false, customizedTransaction: false)
5695 [main] INFO  ipse.xtend.util.stdlib.IOExtensions  - es.ua.dlsi.ooh.conceptualView.impl.OperationImpl@1c911a1 (name: destroy, visibility: Public, operationType: Destroy, description: null, type: Void, collectionType: None, isStatic: false, isOrdered: false, filter: null, precondition: null, body: null, postcondition: null, automaticSynchronize: true, customized: false, paging: false, customizedTransaction: false)
5695 [main] INFO  ipse.xtend.util.stdlib.IOExtensions  - es.ua.dlsi.ooh.conceptualView.impl.OperationImpl@7194ba (name: filtrarTodosMapasParaEventos, visibility: Public, operationType: ReadFilter, description: null, type: Object, collectionType: List, isStatic: false, isOrdered: false, filter: FROM MapaEN as map WHERE map.Evento.ID!=-1, precondition: null, body: null, postcondition: null, automaticSynchronize: false, customized: false, paging: false, customizedTransaction: false)
5695 [main] INFO  ipse.xtend.util.stdlib.IOExtensions  - es.ua.dlsi.ooh.conceptualView.impl.OperationImpl@190200a (name: FiltrarMapaPorPaso, visibility: Public, operationType: ReadFilter, description: null, type: Object, collectionType: None, isStatic: false, isOrdered: false, filter: FROM MapaEN as map WHERE map.Paso.ID=:id_paso, precondition: null, body: null, postcondition: null, automaticSynchronize: false, customized: false, paging: false, customizedTransaction: false)
5695 [main] INFO  ipse.xtend.util.stdlib.IOExtensions  - es.ua.dlsi.ooh.conceptualView.impl.OperationImpl@1b4c3a9 (name: filtrarMapaPorEvento, visibility: Public, operationType: ReadFilter, description: null, type: Object, collectionType: None, isStatic: false, isOrdered: false, filter: FROM MapaEN as map WHERE map.Evento.ID=:id_evento, precondition: null, body: null, postcondition: null, automaticSynchronize: false, customized: false, paging: false, customizedTransaction: false)
5695 [main] INFO  ipse.xtend.util.stdlib.IOExtensions  - es.ua.dlsi.ooh.conceptualView.impl.OperationImpl@11caca8 (name: crearMapaParaPaso, visibility: Public, operationType: CustomTransaction, description: null, type: Integer, collectionType: None, isStatic: false, isOrdered: false, filter: null, precondition: null, body: null, postcondition: null, automaticSynchronize: true, customized: false, paging: false, customizedTransaction: false)
enc:utf-8
5740 [main] INFO  ipse.xtend.util.stdlib.IOExtensions  - es.ua.dlsi.ooh.conceptualView.impl.OperationImpl@f79e (name: crearMapaParaEvento, visibility: Public, operationType: CustomTransaction, description: null, type: Integer, collectionType: None, isStatic: false, isOrdered: false, filter: null, precondition: null, body: null, postcondition: null, automaticSynchronize: true, customized: false, paging: false, customizedTransaction: false)
enc:utf-8
5763 [main] INFO  ipse.xtend.util.stdlib.IOExtensions  - es.ua.dlsi.ooh.conceptualView.impl.OperationImpl@b3fd41 (name: borrarMapaParaPaso, visibility: Public, operationType: CustomTransaction, description: null, type: Void, collectionType: None, isStatic: false, isOrdered: false, filter: null, precondition: null, body: null, postcondition: null, automaticSynchronize: true, customized: false, paging: false, customizedTransaction: false)
enc:utf-8
5785 [main] INFO  ipse.xtend.util.stdlib.IOExtensions  - es.ua.dlsi.ooh.conceptualView.impl.OperationImpl@1b6512 (name: borrarMapaParaEvento, visibility: Public, operationType: CustomTransaction, description: null, type: Void, collectionType: None, isStatic: false, isOrdered: false, filter: null, precondition: null, body: null, postcondition: null, automaticSynchronize: true, customized: false, paging: false, customizedTransaction: false)
enc:utf-8
5797 [main] INFO  ipse.xtend.util.stdlib.IOExtensions  - es.ua.dlsi.ooh.conceptualView.impl.OperationImpl@157cd72 (name: relationerMapaPaso, visibility: Public, operationType: Relationer, description: null, type: Void, collectionType: None, isStatic: false, isOrdered: false, filter: null, precondition: null, body: null, postcondition: null, automaticSynchronize: true, customized: false, paging: false, customizedTransaction: false)
5797 [main] INFO  ipse.xtend.util.stdlib.IOExtensions  - es.ua.dlsi.ooh.conceptualView.impl.OperationImpl@671d7f (name: relationerMapaEvento, visibility: Public, operationType: Relationer, description: null, type: Void, collectionType: None, isStatic: false, isOrdered: false, filter: null, precondition: null, body: null, postcondition: null, automaticSynchronize: true, customized: false, paging: false, customizedTransaction: false)
5797 [main] INFO  ipse.xtend.util.stdlib.IOExtensions  - es.ua.dlsi.ooh.conceptualView.impl.OperationImpl@4487af (name: unrelationerMapaPaso, visibility: Public, operationType: Unrelationer, description: null, type: Void, collectionType: None, isStatic: false, isOrdered: false, filter: null, precondition: null, body: null, postcondition: null, automaticSynchronize: true, customized: false, paging: false, customizedTransaction: false)
5797 [main] INFO  ipse.xtend.util.stdlib.IOExtensions  - es.ua.dlsi.ooh.conceptualView.impl.OperationImpl@aa41f2 (name: unrelationerMapaEvento, visibility: Public, operationType: Unrelationer, description: null, type: Void, collectionType: None, isStatic: false, isOrdered: false, filter: null, precondition: null, body: null, postcondition: null, automaticSynchronize: true, customized: false, paging: false, customizedTransaction: false)
enc:utf-8
5830 [main] INFO  ipse.xtend.util.stdlib.IOExtensions  - UsuarioEN
enc:utf-8
5875 [main] INFO  ipse.xtend.util.stdlib.IOExtensions  - RetoEN
enc:utf-8
5920 [main] INFO  ipse.xtend.util.stdlib.IOExtensions  - GymkanaEN
enc:utf-8
5954 [main] INFO  ipse.xtend.util.stdlib.IOExtensions  - ComentarioEN
enc:utf-8
5976 [main] INFO  ipse.xtend.util.stdlib.IOExtensions  - AdminEN
enc:utf-8
6021 [main] INFO  ipse.xtend.util.stdlib.IOExtensions  - ReporteEN
enc:utf-8
6055 [main] INFO  ipse.xtend.util.stdlib.IOExtensions  - EventoEN
enc:utf-8
6088 [main] INFO  ipse.xtend.util.stdlib.IOExtensions  - PasoEN
enc:utf-8
6122 [main] INFO  ipse.xtend.util.stdlib.IOExtensions  - PuntuacionEN
enc:utf-8
6144 [main] INFO  ipse.xtend.util.stdlib.IOExtensions  - MapaEN
enc:utf-8
6189 [main] INFO  ipse.xtend.util.stdlib.IOExtensions  - EN
6189 [main] INFO  ipse.xtend.util.stdlib.IOExtensions  - EN
6200 [main] INFO  ipse.xtend.util.stdlib.IOExtensions  - EN
6200 [main] INFO  ipse.xtend.util.stdlib.IOExtensions  - EN
6200 [main] INFO  ipse.xtend.util.stdlib.IOExtensions  - EN
6211 [main] INFO  ipse.xtend.util.stdlib.IOExtensions  - EN
6211 [main] INFO  ipse.xtend.util.stdlib.IOExtensions  - EN
6211 [main] INFO  ipse.xtend.util.stdlib.IOExtensions  - EN
6211 [main] INFO  ipse.xtend.util.stdlib.IOExtensions  - EN
enc:utf-8
enc:utf-8
6256 [main] INFO         org.eclipse.xpand2.Generator  - Skipped writing of 139 files to outlet [default](../WhateverGen)
6256 [main] INFO  e.core.container.CompositeComponent  - es.ua.dlsi.ooh.persistence.nhibernate.generator.workflowComponents.CreateSolution
6268 [main] INFO  e.core.container.CompositeComponent  - es.ua.dlsi.ooh.persistence.nhibernate.generator.workflowComponents.UpdateSolution
6279 [main] INFO  e.core.container.CompositeComponent  - es.ua.dlsi.ooh.persistence.nhibernate.generator.workflowComponents.CopyDLLs
../WhateverGen\WhateverGenNHibernate\AppLib\Antlr3.Runtime.dll
../WhateverGen\WhateverGenNHibernate\AppLib\Castle.DynamicProxy2.dll
../WhateverGen\WhateverGenNHibernate\AppLib\Iesi.Collections.dll
../WhateverGen\WhateverGenNHibernate\AppLib\LinFu.DynamicProxy.dll
../WhateverGen\WhateverGenNHibernate\AppLib\log4net.dll
../WhateverGen\WhateverGenNHibernate\AppLib\NHibernate.ByteCode.Castle.dll
../WhateverGen\WhateverGenNHibernate\AppLib\NHibernate.ByteCode.LinFu.dll
../WhateverGen\WhateverGenNHibernate\AppLib\NHibernate.dll
../WhateverGen\WhateverGenNHibernate\AppLib\nunit.core.dll
../WhateverGen\WhateverGenNHibernate\AppLib\nunit.framework.dll
6290 [main] INFO  eclipse.emf.mwe.core.WorkflowEngine  - workflow completed in 5530ms!
